{"level":"warn","message":"jugador inexistente","service":"user- service"}
{"level":"error","message":"base de datos NO conectada","service":"user- service"}
{"level":"error","message":"base de datos NO conectada","service":"user- service"}
{"level":"error","message":"base de datos NO conectada","service":"user- service"}
{"level":"warn","message":"jugador inexistente","service":"user- service"}
{"level":"error","service":"user- service"}
{"level":"warn","message":"jugador inexistente","service":"user- service"}
{"level":"error","service":"user- service"}
{"level":"warn","message":"jugador inexistente","service":"user- service"}
{"level":"warn","message":"jugador inexistente","service":"user- service"}
{"level":"warn","message":"jugador inexistente","service":"user- service"}
{"level":"error","service":"user- service"}
{"level":"warn","message":"jugador inexistente","service":"user- service"}
{"level":"error","service":"user- service"}
{"level":"error","service":"user- service"}
{"level":"error","service":"user- service"}
{"level":"error","service":"user- service"}
{"level":"error","service":"user- service"}
{"level":"error","service":"user- service"}
{"level":"error","service":"user- service"}
{"level":"error","service":"user- service"}
{"level":"error","service":"user- service"}
{"level":"error","service":"user- service"}
{"level":"error","service":"user- service"}
{"level":"error","service":"user- service"}
{"level":"error","service":"user- service"}
{"level":"error","service":"user- service"}
{"level":"error","service":"user- service"}
{"level":"error","service":"user- service"}
{"level":"error","service":"user- service"}
{"level":"warn","message":{"content":[],"error":"jugador no disponible"},"service":"user- service"}
{"level":"error","service":"user- service"}
{"level":"warn","message":{"content":[],"error":"debe ingresar tecnicos diferentes"},"service":"user- service"}
{"level":"warn","message":{"content":[],"error":"deben tener 5 jugadores en sus equipos"},"service":"user- service"}
